<?xml version="1.0" encoding="UTF-8"?>
<testsuite xmlns:xsi="http://www.w3.org/2001/XMLSchema-instance" xsi:noNamespaceSchemaLocation="https://maven.apache.org/surefire/maven-surefire-plugin/xsd/surefire-test-report.xsd" name="com.solent.katatondeuse.controller.movement.MovementRightTest" time="0" tests="4" errors="0" skipped="0" failures="0">
  <properties>
[...]
</properties>
  <testcase name="testTurnRightFromNorth" classname="com.solent.katatondeuse.controller.movement.MovementRightTest" time="0"/>
  <testcase name="testTurnRightFromSouth" classname="com.solent.katatondeuse.controller.movement.MovementRightTest" time="0"/>
  <testcase name="testTurnRightFromEast" classname="com.solent.katatondeuse.controller.movement.MovementRightTest" time="0"/>
  <testcase name="testTurnRightFromWest" classname="com.solent.katatondeuse.controller.movement.MovementRightTest" time="0"/>
</testsuite>